<?xml version="1.0" encoding="UTF-8"?>
<TestRun id="5adfa485-e6ed-4a66-9225-dd763c4b7355" name="darin@LEVIATHAN 2014-03-09 05:16:20" runUser="LEVIATHAN\darin" xmlns="http://microsoft.com/schemas/VisualStudio/TeamTest/2010">
  <TestSettings name="Local" id="514474b7-5914-428b-a661-f9114d2a9391">
    <Description>These are default test settings for a local test run.</Description>
    <Deployment enabled="false" runDeploymentRoot="darin_LEVIATHAN 2014-03-09 05_16_20">
      <DeploymentItem filename="C:\Users\darin\csPyon\csPyon\bin\Debug\csPyon.dll" />
    </Deployment>
    <Execution>
      <TestTypeSpecific />
      <AgentRule name="Execution Agents">
      </AgentRule>
    </Execution>
  </TestSettings>
  <Times creation="2014-03-09T05:16:20.9585383-06:00" queuing="2014-03-09T05:16:22.1116042-06:00" start="2014-03-09T05:16:22.1566068-06:00" finish="2014-03-09T05:16:22.9266508-06:00" />
  <ResultSummary outcome="Completed">
    <Counters total="1" executed="1" passed="1" error="0" failed="0" timeout="0" aborted="0" inconclusive="0" passedButRunAborted="0" notRunnable="0" notExecuted="0" disconnected="0" warning="0" completed="0" inProgress="0" pending="0" />
  </ResultSummary>
  <TestDefinitions>
    <UnitTest name="TestMethod1" storage="c:\users\darin\cspyon\testcspyon\bin\debug\testcspyon.dll" id="6d21edd4-b3a3-247e-fdd8-a4f2e0335346">
      <Execution id="197cd808-6bf8-43dc-9ad3-9e1adc9fe558" />
      <TestMethod codeBase="C:/Users/darin/csPyon/testCsPyon/bin/Debug/testCsPyon.DLL" adapterTypeName="Microsoft.VisualStudio.TestTools.TestTypes.Unit.UnitTestAdapter, Microsoft.VisualStudio.QualityTools.Tips.UnitTest.Adapter, Version=10.0.0.0, Culture=neutral, PublicKeyToken=b03f5f7f11d50a3a" className="testCsPyon.UnitTest1, testCsPyon, Version=1.0.0.0, Culture=neutral, PublicKeyToken=null" name="TestMethod1" />
    </UnitTest>
  </TestDefinitions>
  <TestLists>
    <TestList name="Results Not in a List" id="8c84fa94-04c1-424b-9868-57a2d4851a1d" />
    <TestList name="All Loaded Results" id="19431567-8539-422a-85d7-44ee4e166bda" />
  </TestLists>
  <TestEntries>
    <TestEntry testId="6d21edd4-b3a3-247e-fdd8-a4f2e0335346" executionId="197cd808-6bf8-43dc-9ad3-9e1adc9fe558" testListId="8c84fa94-04c1-424b-9868-57a2d4851a1d" />
  </TestEntries>
  <Results>
    <UnitTestResult executionId="197cd808-6bf8-43dc-9ad3-9e1adc9fe558" testId="6d21edd4-b3a3-247e-fdd8-a4f2e0335346" testName="TestMethod1" computerName="LEVIATHAN" duration="00:00:00.0119793" startTime="2014-03-09T05:16:22.1726077-06:00" endTime="2014-03-09T05:16:22.8926489-06:00" testType="13cdc9d9-ddb5-4fa4-a97d-d965ccfc6d4b" outcome="Passed" testListId="8c84fa94-04c1-424b-9868-57a2d4851a1d" relativeResultsDirectory="197cd808-6bf8-43dc-9ad3-9e1adc9fe558">
    </UnitTestResult>
  </Results>
</TestRun>